victor,Public,,,0,172568
coliseu,Public,Elias,SEM NOME,0,487550
Vem :D,Public,Pedro,ebola,0,420423
aaaa,Public,VICTOR,Radik,0,1081383
FRANÇA,Public,Elias,REVANCHE,0,266637
MARACA,Public,,,0,46457
Vem :D,Public,,,0,688480
aaaa,Public,,,0,679836
quieres perder ??,Public,jerson,VICTOR,1,2728207
INTER,Public,flipper,JACU,1,3232263
quieres perder ??,Public,jerson,VICTOR,1,1375991
quieres perder ??,Public,,,0,27706
INTER,Public,etrusco,MILA,0,108654
ABSINTO,Public,etrusco,DEU MOLE,0,57829
NITEROI,Public,ABSINTO,QUE DROGA,0,197903
NITEROI,Public,ABSINTO,COM MEDO,0,973555
INTER,Public,ABSINTO,DEU MOLE,0,311955
hatta,Public,uhyeah,iccanobif,0,730678
hatta,Public,uhyeah,iccanobif,0,1620055
hatta,Public,,,0,122975
chess,Public,,,0,1937330
vem :D,Public,Pedro,jerson,2,1374088
2com,Public,,,0,2732217
vem :D,Public,,,0,741176
quien quiere perder,Public,,,0,1012758
aaaa,Public,,,0,1550666
a new revenge,Public,drake,André,0,2203233
Vem ;D,Public,PEdro,André,1,844683
